# JRE version: OpenJDK Runtime Environment (11.0.10) (build 11.0.10+0-b96-7249189)
# Java VM: OpenJDK 64-Bit Server VM (11.0.10+0-b96-7249189, mixed mode, tiered, compressed oops, g1 gc, windows-amd64)
Heap:
 garbage-first heap   total 273408K, used 117990K [0x0000000760000000, 0x0000000800000000)
  region size 1024K, 6 young (6144K), 6 survivors (6144K)
 Metaspace       used 99234K, capacity 101838K, committed 101888K, reserved 1138688K
  class space    used 12651K, capacity 13522K, committed 13568K, reserved 1048576K
GC Heap History (20 events):
Event: 58.575 GC heap after
{Heap after GC invocations=82 (full 0):
 garbage-first heap   total 227328K, used 79819K [0x0000000760000000, 0x0000000800000000)
  region size 1024K, 4 young (4096K), 4 survivors (4096K)
 Metaspace       used 64566K, capacity 66299K, committed 66560K, reserved 1107968K
  class space    used 8083K, capacity 8651K, committed 8704K, reserved 1048576K
}
Event: 58.839 GC heap before
{Heap before GC invocations=82 (full 0):
 garbage-first heap   total 227328K, used 178123K [0x0000000760000000, 0x0000000800000000)
  region size 1024K, 100 young (102400K), 4 survivors (4096K)
 Metaspace       used 64566K, capacity 66299K, committed 66560K, reserved 1107968K
  class space    used 8083K, capacity 8651K, committed 8704K, reserved 1048576K
}
Event: 58.842 GC heap after
{Heap after GC invocations=83 (full 0):
 garbage-first heap   total 227328K, used 81097K [0x0000000760000000, 0x0000000800000000)
  region size 1024K, 5 young (5120K), 5 survivors (5120K)
 Metaspace       used 64566K, capacity 66299K, committed 66560K, reserved 1107968K
  class space    used 8083K, capacity 8651K, committed 8704K, reserved 1048576K
}
Event: 59.352 GC heap before
{Heap before GC invocations=83 (full 0):
 garbage-first heap   total 227328K, used 188617K [0x0000000760000000, 0x0000000800000000)
  region size 1024K, 110 young (112640K), 5 survivors (5120K)
 Metaspace       used 64566K, capacity 66299K, committed 66560K, reserved 1107968K
  class space    used 8083K, capacity 8651K, committed 8704K, reserved 1048576K
}
Event: 59.357 GC heap after
{Heap after GC invocations=84 (full 0):
 garbage-first heap   total 227328K, used 82340K [0x0000000760000000, 0x0000000800000000)
  region size 1024K, 6 young (6144K), 6 survivors (6144K)
 Metaspace       used 64566K, capacity 66299K, committed 66560K, reserved 1107968K
  class space    used 8083K, capacity 8651K, committed 8704K, reserved 1048576K
}
Event: 59.984 GC heap before
{Heap before GC invocations=84 (full 0):
 garbage-first heap   total 227328K, used 197028K [0x0000000760000000, 0x0000000800000000)
  region size 1024K, 112 young (114688K), 6 survivors (6144K)
 Metaspace       used 64925K, capacity 66845K, committed 66944K, reserved 1107968K
  class space    used 8142K, capacity 8766K, committed 8832K, reserved 1048576K
}
Event: 59.989 GC heap after
{Heap after GC invocations=85 (full 0):
 garbage-first heap   total 227328K, used 90789K [0x0000000760000000, 0x0000000800000000)
  region size 1024K, 10 young (10240K), 10 survivors (10240K)
 Metaspace       used 64925K, capacity 66845K, committed 66944K, reserved 1107968K
  class space    used 8142K, capacity 8766K, committed 8832K, reserved 1048576K
}
Event: 60.192 GC heap before
{Heap before GC invocations=85 (full 0):
 garbage-first heap   total 227328K, used 188069K [0x0000000760000000, 0x0000000800000000)
  region size 1024K, 105 young (107520K), 10 survivors (10240K)
 Metaspace       used 65121K, capacity 67040K, committed 67200K, reserved 1107968K
  class space    used 8143K, capacity 8766K, committed 8832K, reserved 1048576K
}
Event: 60.196 GC heap after
{Heap after GC invocations=86 (full 0):
 garbage-first heap   total 227328K, used 90772K [0x0000000760000000, 0x0000000800000000)
  region size 1024K, 1 young (1024K), 1 survivors (1024K)
 Metaspace       used 65121K, capacity 67040K, committed 67200K, reserved 1107968K
  class space    used 8143K, capacity 8766K, committed 8832K, reserved 1048576K
}
Event: 61.719 GC heap before
{Heap before GC invocations=86 (full 0):
 garbage-first heap   total 227328K, used 190100K [0x0000000760000000, 0x0000000800000000)
  region size 1024K, 99 young (101376K), 1 survivors (1024K)
 Metaspace       used 76246K, capacity 78462K, committed 78720K, reserved 1118208K
  class space    used 9535K, capacity 10279K, committed 10368K, reserved 1048576K
}
Event: 61.725 GC heap after
{Heap after GC invocations=87 (full 0):
 garbage-first heap   total 227328K, used 94868K [0x0000000760000000, 0x0000000800000000)
  region size 1024K, 5 young (5120K), 5 survivors (5120K)
 Metaspace       used 76246K, capacity 78462K, committed 78720K, reserved 1118208K
  class space    used 9535K, capacity 10279K, committed 10368K, reserved 1048576K
}
Event: 62.399 GC heap before
{Heap before GC invocations=87 (full 0):
 garbage-first heap   total 227328K, used 191124K [0x0000000760000000, 0x0000000800000000)
  region size 1024K, 98 young (100352K), 5 survivors (5120K)
 Metaspace       used 80040K, capacity 82338K, committed 82560K, reserved 1120256K
  class space    used 10055K, capacity 10859K, committed 10880K, reserved 1048576K
}
Event: 62.411 GC heap after
{Heap after GC invocations=88 (full 0):
 garbage-first heap   total 227328K, used 102653K [0x0000000760000000, 0x0000000800000000)
  region size 1024K, 13 young (13312K), 13 survivors (13312K)
 Metaspace       used 80040K, capacity 82338K, committed 82560K, reserved 1120256K
  class space    used 10055K, capacity 10859K, committed 10880K, reserved 1048576K
}
Event: 63.144 GC heap before
{Heap before GC invocations=88 (full 0):
 garbage-first heap   total 227328K, used 187645K [0x0000000760000000, 0x0000000800000000)
  region size 1024K, 96 young (98304K), 13 survivors (13312K)
 Metaspace       used 85655K, capacity 88012K, committed 88192K, reserved 1126400K
  class space    used 10949K, capacity 11804K, committed 11904K, reserved 1048576K
}
Event: 63.157 GC heap after
{Heap after GC invocations=89 (full 0):
 garbage-first heap   total 227328K, used 108539K [0x0000000760000000, 0x0000000800000000)
  region size 1024K, 6 young (6144K), 6 survivors (6144K)
 Metaspace       used 85655K, capacity 88012K, committed 88192K, reserved 1126400K
  class space    used 10949K, capacity 11804K, committed 11904K, reserved 1048576K
}
Event: 64.860 GC heap before
{Heap before GC invocations=89 (full 0):
 garbage-first heap   total 227328K, used 188411K [0x0000000760000000, 0x0000000800000000)
  region size 1024K, 84 young (86016K), 6 survivors (6144K)
 Metaspace       used 90480K, capacity 93085K, committed 93184K, reserved 1130496K
  class space    used 11611K, capacity 12503K, committed 12544K, reserved 1048576K
}
Event: 64.872 GC heap after
{Heap after GC invocations=90 (full 0):
 garbage-first heap   total 227328K, used 112249K [0x0000000760000000, 0x0000000800000000)
  region size 1024K, 10 young (10240K), 10 survivors (10240K)
 Metaspace       used 90480K, capacity 93085K, committed 93184K, reserved 1130496K
  class space    used 11611K, capacity 12503K, committed 12544K, reserved 1048576K
}
Event: 65.084 GC heap before
{Heap before GC invocations=91 (full 0):
 garbage-first heap   total 227328K, used 132729K [0x0000000760000000, 0x0000000800000000)
  region size 1024K, 31 young (31744K), 10 survivors (10240K)
 Metaspace       used 91677K, capacity 94171K, committed 94336K, reserved 1130496K
  class space    used 11726K, capacity 12584K, committed 12672K, reserved 1048576K
}
Event: 65.094 GC heap after
{Heap after GC invocations=92 (full 0):
 garbage-first heap   total 227328K, used 114688K [0x0000000760000000, 0x0000000800000000)
  region size 1024K, 7 young (7168K), 7 survivors (7168K)
 Metaspace       used 91677K, capacity 94171K, committed 94336K, reserved 1130496K
  class space    used 11726K, capacity 12584K, committed 12672K, reserved 1048576K
}
Event: 66.234 GC heap before
{Heap before GC invocations=93 (full 0):
 garbage-first heap   total 227328K, used 186368K [0x0000000760000000, 0x0000000800000000)
  region size 1024K, 76 young (77824K), 7 survivors (7168K)
 Metaspace       used 99234K, capacity 101838K, committed 101888K, reserved 1138688K
  class space    used 12651K, capacity 13522K, committed 13568K, reserved 1048576K
}

